This is XeTeX, Version 3.14159265-2.6-0.99992 (TeX Live 2015/Debian) (preloaded format=xelatex 2018.2.19)  19 FEB 2018 14:42
entering extended mode
 restricted \write18 enabled.
 %&-line parsing enabled.
**main.tex
(./main.tex
LaTeX2e <2016/02/01>
Babel <3.9q> and hyphenation patterns for 81 language(s) loaded.
(./sig-alternate.cls
(/usr/share/texlive/texmf-dist/tex/latex/graphics/epsfig.sty
Package: epsfig 1999/02/16 v1.7a (e)psfig emulation (SPQR)

(/usr/share/texlive/texmf-dist/tex/latex/graphics/graphicx.sty
Package: graphicx 2014/10/28 v1.0g Enhanced LaTeX Graphics (DPC,SPQR)

(/usr/share/texlive/texmf-dist/tex/latex/graphics/keyval.sty
Package: keyval 2014/10/28 v1.15 key=value parser (DPC)
\KV@toks@=\toks14
)
(/usr/share/texlive/texmf-dist/tex/latex/graphics/graphics.sty
Package: graphics 2016/01/03 v1.0q Standard LaTeX Graphics (DPC,SPQR)

(/usr/share/texlive/texmf-dist/tex/latex/graphics/trig.sty
Package: trig 2016/01/03 v1.10 sin cos tan (DPC)
)
(/usr/share/texlive/texmf-dist/tex/latex/latexconfig/graphics.cfg
File: graphics.cfg 2010/04/23 v1.9 graphics configuration of TeX Live
)
Package graphics Info: Driver file: xetex.def on input line 95.

(/usr/share/texlive/texmf-dist/tex/xelatex/xetex-def/xetex.def
File: xetex.def 2015/09/11 v4.06 LaTeX color/graphics driver for XeTeX (TeX Liv
e/RRM/JK)

(/usr/share/texlive/texmf-dist/tex/generic/oberdiek/infwarerr.sty
Package: infwarerr 2010/04/08 v1.3 Providing info/warning/error messages (HO)
)
(/usr/share/texlive/texmf-dist/tex/generic/oberdiek/ltxcmds.sty
Package: ltxcmds 2011/11/09 v1.22 LaTeX kernel commands for general use (HO)
)))
\Gin@req@height=\dimen102
\Gin@req@width=\dimen103
)
\epsfxsize=\dimen104
\epsfysize=\dimen105
)
(/usr/share/texlive/texmf-dist/tex/latex/amsfonts/amssymb.sty
Package: amssymb 2013/01/14 v3.01 AMS font symbols

(/usr/share/texlive/texmf-dist/tex/latex/amsfonts/amsfonts.sty
Package: amsfonts 2013/01/14 v3.01 Basic AMSFonts support
\@emptytoks=\toks15
\symAMSa=\mathgroup4
\symAMSb=\mathgroup5
LaTeX Font Info:    Overwriting math alphabet `\mathfrak' in version `bold'
(Font)                  U/euf/m/n --> U/euf/b/n on input line 106.
))
(/usr/share/texlive/texmf-dist/tex/latex/amsmath/amsmath.sty
Package: amsmath 2016/03/03 v2.15a AMS math features
\@mathmargin=\skip41

For additional information on amsmath, use the `?' option.
(/usr/share/texlive/texmf-dist/tex/latex/amsmath/amstext.sty
Package: amstext 2000/06/29 v2.01 AMS text

(/usr/share/texlive/texmf-dist/tex/latex/amsmath/amsgen.sty
File: amsgen.sty 1999/11/30 v2.0 generic functions
\@emptytoks=\toks16
\ex@=\dimen106
))
(/usr/share/texlive/texmf-dist/tex/latex/amsmath/amsbsy.sty
Package: amsbsy 1999/11/29 v1.2d Bold Symbols
\pmbraise@=\dimen107
)
(/usr/share/texlive/texmf-dist/tex/latex/amsmath/amsopn.sty
Package: amsopn 1999/12/14 v2.01 operator names
)
\inf@bad=\count79
LaTeX Info: Redefining \frac on input line 199.
\uproot@=\count80
\leftroot@=\count81
LaTeX Info: Redefining \overline on input line 297.
\classnum@=\count82
\DOTSCASE@=\count83
LaTeX Info: Redefining \ldots on input line 394.
LaTeX Info: Redefining \dots on input line 397.
LaTeX Info: Redefining \cdots on input line 518.
\Mathstrutbox@=\box26
\strutbox@=\box27
\big@size=\dimen108
LaTeX Font Info:    Redeclaring font encoding OML on input line 630.
LaTeX Font Info:    Redeclaring font encoding OMS on input line 631.
\macc@depth=\count84
\c@MaxMatrixCols=\count85
\dotsspace@=\muskip10
\c@parentequation=\count86
\dspbrk@lvl=\count87
\tag@help=\toks17
\row@=\count88
\column@=\count89
\maxfields@=\count90
\andhelp@=\toks18
\eqnshift@=\dimen109
\alignsep@=\dimen110
\tagshift@=\dimen111
\tagwidth@=\dimen112
\totwidth@=\dimen113
\lineht@=\dimen114
\@envbody=\toks19
\multlinegap=\skip42
\multlinetaggap=\skip43
\mathdisplay@stack=\toks20
LaTeX Info: Redefining \[ on input line 2735.
LaTeX Info: Redefining \] on input line 2736.
)
Document Class 'sig-alternate' <22nd. April '09>. Modified by G.K.M. Tobin/Gerr
y Murray
Based in part upon document Style `acmconf' <22 May 89>. Hacked 4/91 by
shivers@cs.cmu.edu, 4/93 by theobald@cs.mcgill.ca
Excerpts were taken from (Journal Style) 'esub2acm.cls'.
****** Bugs/comments/suggestions/technicalities to Gerry Murray -- murray@hq.ac
m.org ******
Questions on the style, SIGS policies, etc. to Adrienne Griscti griscti@acm.org

\footheight=\dimen115
\@maxsep=\dimen116
\@dblmaxsep=\dimen117
\aucount=\count91
\originalaucount=\count92
\auwidth=\dimen118
\auskip=\dimen119
\auskipcount=\count93
\auskip=\dimen120
\allauboxes=\dimen121
\addauthors=\toks21
\addauflag=\count94
\subtitletext=\toks22
\savesection=\count95
\sectioncntr=\count96
\c@figure=\count97
\c@table=\count98
\titleboxnotes=\toks23
\titleboxnoteflag=\count99
Document Class: sig-alternate 2009/04/22 - V2.4 - based on acmproc.cls V1.3 <No
v. 30 '99>
(/usr/share/texlive/texmf-dist/tex/latex/base/latexsym.sty
Package: latexsym 1998/08/17 v2.2e Standard LaTeX package (lasy symbols)
\symlasy=\mathgroup6
LaTeX Font Info:    Overwriting symbol font `lasy' in version `bold'
(Font)                  U/lasy/m/n --> U/lasy/b/n on input line 52.
)
\@acmtitlebox=\box28
\titlenotecount=\count100
\tntoks=\toks24
\tntokstwo=\toks25
\tntoksthree=\toks26
\tntoksfour=\toks27
\tntoksfive=\toks28
\catcount=\count101
\copyrightnotice=\toks29
\conf=\toks30
\confinfo=\toks31
\c@part=\count102
\c@section=\count103
\c@subsection=\count104
\c@subsubsection=\count105
\c@paragraph=\count106

Using 'Abbrev' bibliography style
LaTeX Info: Redefining \cite on input line 1212.
\bibindent=\dimen122
\colcntr=\count107
\saveb@x=\box29
\copyrtyr=\toks32
\acmcopyr=\toks33
\boilerplate=\toks34
\copyrightetc=\toks35
(/usr/share/texlive/texmf-dist/tex/latex/base/fontenc.sty
Package: fontenc 2005/09/27 v1.99g Standard LaTeX package

(/usr/share/texlive/texmf-dist/tex/latex/base/t1enc.def
File: t1enc.def 2005/09/27 v1.99g Standard LaTeX file
LaTeX Font Info:    Redeclaring font encoding T1 on input line 48.
)
LaTeX Font Info:    Try loading font information for T1+aer on input line 105.

(/usr/share/texlive/texmf-dist/tex/latex/ae/t1aer.fd
File: t1aer.fd 1997/11/16 Font definitions for T1/aer.
)))
(/usr/share/texlive/texmf-dist/tex/latex/blkarray/blkarray.sty
Package: blkarray 2015/02/27 v0.07 Block array (dpc)
\c@BAenumi=\count108
\BA@col=\count109
\BA@block@cnt=\count110
\BA@final@box=\box30
\BA@first@box=\box31
\BA@colsep=\dimen123
\BA@ftn=\toks36
\BAextrarowheight=\dimen124
\BAextraheightafterhline=\dimen125
\BAarrayrulewidth=\dimen126
\BAdoublerulesep=\dimen127
\BAfootskip=\dimen128
\BA@dashbox=\box32
\BA@ddashbox=\box33
)
(/usr/share/texlive/texmf-dist/tex/latex/url/url.sty
\Urlmuskip=\muskip11
Package: url 2013/09/16  ver 3.4  Verb mode for urls, etc.
) (./main.aux

LaTeX Warning: Label `fig:my_label' multiply defined.


LaTeX Warning: Label `fig:my_label' multiply defined.


LaTeX Warning: Label `fig:my_label' multiply defined.


LaTeX Warning: Label `fig:my_label' multiply defined.


LaTeX Warning: Label `fig:my_label' multiply defined.


LaTeX Warning: Label `fig:my_label' multiply defined.

)
\openout1 = `main.aux'.

LaTeX Font Info:    Checking defaults for OML/cmm/m/it on input line 51.
LaTeX Font Info:    ... okay on input line 51.
LaTeX Font Info:    Checking defaults for T1/cmr/m/n on input line 51.
LaTeX Font Info:    ... okay on input line 51.
LaTeX Font Info:    Checking defaults for OT1/cmr/m/n on input line 51.
LaTeX Font Info:    ... okay on input line 51.
LaTeX Font Info:    Checking defaults for OMS/cmsy/m/n on input line 51.
LaTeX Font Info:    ... okay on input line 51.
LaTeX Font Info:    Checking defaults for OMX/cmex/m/n on input line 51.
LaTeX Font Info:    ... okay on input line 51.
LaTeX Font Info:    Checking defaults for U/cmr/m/n on input line 51.
LaTeX Font Info:    ... okay on input line 51.
LaTeX Font Info:    Try loading font information for U+msa on input line 125.
 (/usr/share/texlive/texmf-dist/tex/latex/amsfonts/umsa.fd
File: umsa.fd 2013/01/14 v3.01 AMS symbols A
)
LaTeX Font Info:    Try loading font information for U+msb on input line 125.

(/usr/share/texlive/texmf-dist/tex/latex/amsfonts/umsb.fd
File: umsb.fd 2013/01/14 v3.01 AMS symbols B
)
LaTeX Font Info:    Try loading font information for U+lasy on input line 125.

(/usr/share/texlive/texmf-dist/tex/latex/base/ulasy.fd
File: ulasy.fd 1998/08/17 v2.2e LaTeX symbol font definitions
)
Underfull \hbox (badness 10000) in paragraph at lines 127--156

 []


LaTeX Warning: Citation `1' on page \thepage  undefined on input line 158.

Missing character: There is no ’ in font aer9!

LaTeX Warning: Citation `2' on page \thepage  undefined on input line 162.


Overfull \hbox (7.6296pt too wide) in paragraph at lines 164--177
\T1/aer/m/n/9 recorded video can be monotonous and un-in-ter-est-ing. Further-
 []

File: img1.png Graphic file (type QTm)
<use  "img1.png" >
Underfull \hbox (badness 10000) in paragraph at lines 201--216

 []


Underfull \vbox (badness 10000) has occurred while \output is active []

 [1


]
Missing character: There is no ’ in font aer9!


LaTeX Warning: Citation `21' on page \thepage  undefined on input line 242.


LaTeX Warning: Citation `6' on page \thepage  undefined on input line 242.


LaTeX Warning: Citation `3' on page \thepage  undefined on input line 243.


LaTeX Warning: Citation `9' on page \thepage  undefined on input line 274.


LaTeX Warning: Citation `9' on page \thepage  undefined on input line 286.


LaTeX Warning: Citation `6' on page \thepage  undefined on input line 287.


LaTeX Warning: Citation `3' on page \thepage  undefined on input line 288.


LaTeX Warning: Citation `20' on page \thepage  undefined on input line 289.


LaTeX Warning: Citation `21' on page \thepage  undefined on input line 290.


LaTeX Warning: Citation `16' on page \thepage  undefined on input line 291.


LaTeX Warning: Citation `8' on page \thepage  undefined on input line 292.


LaTeX Warning: Citation `7' on page \thepage  undefined on input line 293.


LaTeX Warning: Citation `12' on page \thepage  undefined on input line 294.


LaTeX Warning: Citation `15' on page \thepage  undefined on input line 295.


LaTeX Warning: Citation `15' on page \thepage  undefined on input line 296.


LaTeX Warning: Citation `3' on page \thepage  undefined on input line 299.


LaTeX Warning: Citation `20' on page \thepage  undefined on input line 304.


LaTeX Warning: Citation `16' on page \thepage  undefined on input line 313.


LaTeX Warning: Citation `8' on page \thepage  undefined on input line 322.


LaTeX Warning: Citation `7' on page \thepage  undefined on input line 328.

[2]

LaTeX Warning: Citation `15' on page \thepage  undefined on input line 334.

Missing character: There is no ‘ in font aer9!
Missing character: There is no ’ in font aer9!

LaTeX Warning: Citation `10' on page \thepage  undefined on input line 364.

File: img2.png Graphic file (type QTm)
<use  "img2.png" >
Underfull \hbox (badness 10000) in paragraph at lines 367--376

 []


Overfull \hbox (6.72833pt too wide) in paragraph at lines 383--390
\T1/aer/m/n/9 de-ci-sions in-clude shoot-ing an-gle, dis-tance from the stage,
 []

[3]
Overfull \hbox (2.36536pt too wide) in paragraph at lines 404--408
\T1/aer/m/n/9 The pro-posed frame-work con-sists of one of-fline learn-ing phas
e
 []


LaTeX Warning: Citation `13' on page \thepage  undefined on input line 454.


LaTeX Warning: Citation `19' on page \thepage  undefined on input line 454.


Overfull \hbox (9.963pt too wide) detected at line 491
\OML/cmm/m/it/9 I[]\OT1/cmr/m/n/9 (\OML/cmm/m/it/9 x[]; y[]\OT1/cmr/m/n/9 ) = [
]
 []

Missing character: There is no ’ in font aer9!
File: img3.png Graphic file (type QTm)
<use  "img3.png" >
Underfull \hbox (badness 10000) in paragraph at lines 503--516

 []

[4]
Missing character: There is no π in font aer9!
Missing character: There is no π in font aer9!


LaTeX Warning: Citation `4' on page \thepage  undefined on input line 535.


! LaTeX Error: There's no line here to end.

See the LaTeX manual or LaTeX Companion for explanation.
Type  H <return>  for immediate help.
 ...                                              
                                                  
l.542 \\\\
          
? 

! LaTeX Error: There's no line here to end.

See the LaTeX manual or LaTeX Companion for explanation.
Type  H <return>  for immediate help.
 ...                                              
                                                  
l.543 \begin
            {figure}
? 
File: img4.png Graphic file (type QTm)
<use  "img4.png" >

! LaTeX Error: wrong number of columns in block.

See the LaTeX manual or LaTeX Companion for explanation.
Type  H <return>  for immediate help.
 ...                                              
                                                  
l.595 ...                \begin{block}{c(ccccccc)}
                                                  
? 
! Extra }, or forgotten $.
<recently read> }
                 
l.603            \end{blockarray}
                                 
? 
! Extra }, or forgotten $.
\BA@lr ...ox@b \hbox {\BA@bdollar \BA@col@use {v}}
                                                  \kern \wd \BA@tempbox@a $\...
l.603            \end{blockarray}
                                 
? 
! Missing $ inserted.
<inserted text> 
                $
l.603            \end{blockarray}
                                 
? 
! Extra }, or forgotten $.
\BA@place ...box =\dimen \tw@ \box \BA@block@box }
                                                   \unvbox \BA@final@box }
l.603            \end{blockarray}
                                 
? 
! Missing $ inserted.
<inserted text> 
                $
l.603            \end{blockarray}
                                 
? 
! Missing } inserted.
<inserted text> 
                }
l.603            \end{blockarray}
                                 
? 
! Missing } inserted.
<inserted text> 
                }
l.603            \end{blockarray}
                                 
? 
! Missing } inserted.
<inserted text> 
                }
l.603            \end{blockarray}
                                 
? 
! Extra }, or forgotten $.
<recently read> }
                 
l.603            \end{blockarray}
                                 
? 
! Extra }, or forgotten $.
\BA@lr ...ox@b \hbox {\BA@bdollar \BA@col@use {v}}
                                                  \kern \wd \BA@tempbox@a $\...
l.603            \end{blockarray}
                                 
? 
! Missing $ inserted.
<inserted text> 
                $
l.603            \end{blockarray}
                                 
? 
! Extra }, or forgotten $.
\BA@place ...box =\dimen \tw@ \box \BA@block@box }
                                                   \unvbox \BA@final@box }
l.603            \end{blockarray}
                                 
? 
! Missing $ inserted.
<inserted text> 
                $
l.603            \end{blockarray}
                                 
? 
! Missing } inserted.
<inserted text> 
                }
l.603            \end{blockarray}
                                 
? 
! Missing } inserted.
<inserted text> 
                }
l.603            \end{blockarray}
                                 
? 
! Missing } inserted.
<inserted text> 
                }
l.603            \end{blockarray}
                                 
? 
[5]
Missing character: There is no ≈ in font aer9!

Overfull \hbox (5.9203pt too wide) in paragraph at lines 615--626
\T1/aer/m/n/9 smaller ( av-er-age around 2.3 sec-onds) com-pared to solo singin
g
 []


LaTeX Warning: Citation `18' on page \thepage  undefined on input line 640.


LaTeX Warning: Citation `5' on page \thepage  undefined on input line 646.


LaTeX Warning: Citation `10' on page \thepage  undefined on input line 659.

! Missing $ inserted.
<inserted text> 
                $
l.664 S^
        {c} = \frac{1}{255}\frac{1}{N_w*N_h}\sum_{x=0}^{N_w}\sum_{y=0}^{N_h}...

? 
! Missing $ inserted.
<inserted text> 
                $
l.665 
      
? 
! Missing } inserted.
<inserted text> 
                }
l.665 
      
? 
! Extra }, or forgotten \endgroup.
\par ->\if@newlist \else {\@@par }
                                  \fi 
l.665 
      
? 

LaTeX Warning: Citation `15' on page \thepage  undefined on input line 667.

! Missing $ inserted.
<inserted text> 
                $
l.681 video quality score S_
                            q, i.e.,
? 
! Missing $ inserted.
<inserted text> 
                $
l.682 
      
? 
! Undefined control sequence.
l.698 \matclass
               {H} = \big\{\big(I_j^h,\Delta_j \big)|1\leq j\leq N^v\big\}
? 
! Undefined control sequence.
<recently read> \matclass 
                          
l.715 where n is number of cameras, and $\matclass
                                                  {v_ij}$ is the view simila...

? 
! Undefined control sequence.
<recently read> \matclass 
                          
l.716 ...between current frame from the $\matclass
                                                  {i^{th}}$  video and $\mat...

? 
! Undefined control sequence.
<recently read> \matclass 
                          
l.716 ...$\matclass{i^{th}}$  video and $\matclass
                                                  {j^{th}}$ frame
? 
! Missing { inserted.
<to be read again> 
                   }
l.725 ...$i^{th}$ camera, ${I^h_j}$ h is the ${j^}
                                                  {th}$
? 
! Missing } inserted.
<inserted text> 
                }
l.725 ...h}$ camera, ${I^h_j}$ h is the ${j^}{th}$
                                                  
? 

LaTeX Warning: Citation `17' on page \thepage  undefined on input line 727.

File: img5.png Graphic file (type QTm)
<use  "img5.png" >

! LaTeX Error: No counter 'copyrightbox' defined.

See the LaTeX manual or LaTeX Companion for explanation.
Type  H <return>  for immediate help.
 ...                                              
                                                  
l.729 \caption
              {Figure 5: Diversity value for two candidate videos and final ...

? 

Underfull \hbox (badness 10000) in paragraph at lines 724--729

 []


Overfull \hbox (15.59038pt too wide) in paragraph at lines 724--729
[] 
 []

[6]

! LaTeX Error: There's no line here to end.

See the LaTeX manual or LaTeX Companion for explanation.
Type  H <return>  for immediate help.
 ...                                              
                                                  
l.731     \item
                For the given content, the user interest decreases with time
? 
Missing character: There is no ’ in font aer9!
! Undefined control sequence.
l.779 \fivept
             
? 

Overfull \hbox (7.81897pt too wide) in paragraph at lines 782--782
[]\T1/aer/m/n/9 Performance| 
 []


Overfull \hbox (1.66295pt too wide) in paragraph at lines 782--782
[]\T1/aer/m/n/9 Recordings| 
 []


Overfull \hbox (22.76537pt too wide) in paragraph at lines 782--782
[]\T1/aer/m/n/9 Duration(m)| 
 []


Overfull \hbox (14.3234pt too wide) in paragraph at lines 782--782
[]\T1/aer/m/n/9 Resolution| 
 []


Underfull \hbox (badness 10000) in paragraph at lines 783--783
[]\T1/aer/m/n/9 Group
 []


Overfull \hbox (3.86575pt too wide) in paragraph at lines 783--783
[]\T1/aer/m/n/9 720*480| 
 []


Underfull \hbox (badness 10000) in paragraph at lines 784--784
[]\T1/aer/m/n/9 Group
 []


Overfull \hbox (15.4126pt too wide) in paragraph at lines 784--784
[]\T1/aer/m/n/9 No720*480| 
 []


Underfull \hbox (badness 10000) in paragraph at lines 785--785
[]\T1/aer/m/n/9 Solo
 []


Overfull \hbox (1.30057pt too wide) in paragraph at lines 785--785
\T1/aer/m/n/9 Singing| 
 []


Overfull \hbox (3.86575pt too wide) in paragraph at lines 785--785
[]\T1/aer/m/n/9 640*480| 
 []


Overfull \hbox (23.96915pt too wide) in paragraph at lines 781--787
 [][] 
 []

Missing character: There is no α in font aer9!
Missing character: There is no α in font aer9!
! Undefined control sequence.
l.810 \matclass
               {L}^s = (1-\varsigma)\matclass{L}^e+\varsigma \matclass{L}^b\...

? 
! Undefined control sequence.
l.810 \matclass{L}^s = (1-\varsigma)\matclass
                                             {L}^e+\varsigma \matclass{L}^b\...

? 
! Undefined control sequence.
l.810 ...rsigma)\matclass{L}^e+\varsigma \matclass
                                                  {L}^b\upsilon
? 
! Undefined control sequence.
<recently read> \matclass 
                          
l.815 values of $\matclass
                          {L}_b$ = 25 and $\zeta$ = 0.1 works well. A higher...

? 
! Undefined control sequence.
<recently read> \matclass 
                          
l.819 quality score $\matclass
                              {S}_f$ .
? 
File: img6.png Graphic file (type QTm)
<use  "img6.png" >
Overfull \hbox (2.16698pt too wide) in paragraph at lines 828--844
\T1/aer/m/n/9 The dataset con-sists of video record-ings of four per-for-mances
.
 []

[7
! Undefined control sequence.
<write> \@writefile{\ext@copyrightbox 
                                      }{\protect \contentsline {copyrightbox...
l.844 
      
? 
! Undefined control sequence.
<write> ...\protect \numberline {\thecopyrightbox 
                                                  }{\ignorespaces Figure 5: ...
l.844 
      
? 
]

LaTeX Warning: Citation `14' on page \thepage  undefined on input line 912.

Missing character: There is no “ in font aer9!
Missing character: There is no ” in font aer9!
! Undefined control sequence.
l.935 \sevenpt
              
? 

Overfull \hbox (9.222pt too wide) in paragraph at lines 937--946
 [][] 
 []

Missing character: There is no ’ in font aer9!
Missing character: There is no ’ in font aer9!
[8]
File: img7.png Graphic file (type QTm)
 <use  "img7.png" >
File: img8.png Graphic file (type QTm)
 <use  "img8.png" >
! Undefined control sequence.
l.979     \sevenpt
                  
? 
! Misplaced alignment tab character &.
<to be read again> CONCLUSIONS &
                                 FUTURE WORK
l.1053 \section{CONCLUSIONS & FUTURE WORK}
                                          
? 
[9]

LaTeX Warning: Citation `11' on page \thepage  undefined on input line 1075.

! Misplaced alignment tab character &.
l.1082 teractive Digital Media R&
                                 D Program Office of Media Develop-
? 
No file main.bbl.
[10

] (./main.aux)

LaTeX Warning: There were multiply-defined labels.

 ) 
Here is how much of TeX's memory you used:
 2473 strings out of 493638
 28343 string characters out of 6146796
 93263 words of memory out of 5000000
 5841 multiletter control sequences out of 15000+600000
 48119 words of font info for 56 fonts, out of 8000000 for 9000
 1328 hyphenation exceptions out of 8191
 41i,10n,28p,466b,279s stack positions out of 5000i,500n,10000p,200000b,80000s

Output written on main.pdf (10 pages).
